<?xml version="1.0" encoding="UTF-8"?>
<testng-results ignored="0" total="2" passed="2" failed="0" skipped="0">
  <reporter-output>
    <line>
      <![CDATA[Expected Result = Facebook – Anmelden oder Registrieren]]>
    </line>
    <line>
      <![CDATA[Actual Result = Facebook – Anmelden oder Registrieren]]>
    </line>
    <line>
      <![CDATA[Expected Result = Auf Facebook bleibst du mit Menschen in Verbindung und teilst Fotos, Videos und vieles mehr mit ihnen.]]>
    </line>
    <line>
      <![CDATA[Actual Result = Auf Facebook bleibst du mit Menschen in Verbindung und teilst Fotos, Videos und vieles mehr mit ihnen.]]>
    </line>
  </reporter-output>
  <suite started-at="2024-12-10T15:28:46 CET" name="Default suite" finished-at="2024-12-10T15:28:48 CET" duration-ms="2326">
    <groups>
    </groups>
    <test started-at="2024-12-10T15:28:46 CET" name="Default test" finished-at="2024-12-10T15:28:48 CET" duration-ms="2326">
      <class name="test.BasicDemo">
        <test-method is-config="true" signature="beforeTest()[pri:0, instance:test.BasicDemo@663c9e7a]" started-at="2024-12-10T15:28:46 CET" name="beforeTest" finished-at="2024-12-10T15:28:48 CET" duration-ms="2118" status="PASS">
          <reporter-output>
          </reporter-output>
        </test-method> <!-- beforeTest -->
        <test-method signature="pageTitleValidation()[pri:0, instance:test.BasicDemo@663c9e7a]" started-at="2024-12-10T15:28:48 CET" name="pageTitleValidation" finished-at="2024-12-10T15:28:48 CET" duration-ms="22" status="PASS">
          <reporter-output>
            <line>
              <![CDATA[Expected Result = Facebook – Anmelden oder Registrieren]]>
            </line>
            <line>
              <![CDATA[Actual Result = Facebook – Anmelden oder Registrieren]]>
            </line>
          </reporter-output>
        </test-method> <!-- pageTitleValidation -->
        <test-method signature="welcomeMessageValidation()[pri:0, instance:test.BasicDemo@663c9e7a]" started-at="2024-12-10T15:28:48 CET" name="welcomeMessageValidation" finished-at="2024-12-10T15:28:48 CET" duration-ms="29" status="PASS">
          <reporter-output>
            <line>
              <![CDATA[Expected Result = Auf Facebook bleibst du mit Menschen in Verbindung und teilst Fotos, Videos und vieles mehr mit ihnen.]]>
            </line>
            <line>
              <![CDATA[Actual Result = Auf Facebook bleibst du mit Menschen in Verbindung und teilst Fotos, Videos und vieles mehr mit ihnen.]]>
            </line>
          </reporter-output>
        </test-method> <!-- welcomeMessageValidation -->
        <test-method is-config="true" signature="afterTest()[pri:0, instance:test.BasicDemo@663c9e7a]" started-at="2024-12-10T15:28:48 CET" name="afterTest" finished-at="2024-12-10T15:28:48 CET" duration-ms="124" status="PASS">
          <reporter-output>
          </reporter-output>
        </test-method> <!-- afterTest -->
      </class> <!-- test.BasicDemo -->
    </test> <!-- Default test -->
  </suite> <!-- Default suite -->
</testng-results>
